mode: set
github.com/adedaryorh/bookstore-app/pkg/controllers/controllers.go:12.79,16.2 3 1
github.com/adedaryorh/bookstore-app/pkg/controllers/controllers.go:18.76,20.2 1 1
github.com/adedaryorh/bookstore-app/pkg/controllers/controllers.go:22.80,25.16 3 1
github.com/adedaryorh/bookstore-app/pkg/controllers/controllers.go:25.16,29.3 3 1
github.com/adedaryorh/bookstore-app/pkg/controllers/controllers.go:31.2,32.16 2 1
github.com/adedaryorh/bookstore-app/pkg/controllers/controllers.go:32.16,36.3 3 0
github.com/adedaryorh/bookstore-app/pkg/controllers/controllers.go:38.2,39.33 2 1
github.com/adedaryorh/bookstore-app/pkg/controllers/controllers.go:42.78,44.62 2 1
github.com/adedaryorh/bookstore-app/pkg/controllers/controllers.go:44.62,48.3 3 1
github.com/adedaryorh/bookstore-app/pkg/controllers/controllers.go:50.2,53.40 4 1
github.com/adedaryorh/bookstore-app/pkg/controllers/controllers.go:56.79,59.16 3 1
github.com/adedaryorh/bookstore-app/pkg/controllers/controllers.go:59.16,63.3 3 1
github.com/adedaryorh/bookstore-app/pkg/controllers/controllers.go:65.2,66.16 2 1
github.com/adedaryorh/bookstore-app/pkg/controllers/controllers.go:66.16,70.3 3 1
github.com/adedaryorh/bookstore-app/pkg/controllers/controllers.go:72.2,73.69 2 0
github.com/adedaryorh/bookstore-app/pkg/controllers/controllers.go:73.69,77.3 3 0
github.com/adedaryorh/bookstore-app/pkg/controllers/controllers.go:79.2,82.49 3 0
github.com/adedaryorh/bookstore-app/pkg/controllers/controllers.go:82.49,86.3 3 0
github.com/adedaryorh/bookstore-app/pkg/controllers/controllers.go:88.2,89.40 2 0
github.com/adedaryorh/bookstore-app/pkg/controllers/controllers.go:92.79,95.16 3 1
github.com/adedaryorh/bookstore-app/pkg/controllers/controllers.go:95.16,99.3 3 1
github.com/adedaryorh/bookstore-app/pkg/controllers/controllers.go:100.2,101.16 2 1
github.com/adedaryorh/bookstore-app/pkg/controllers/controllers.go:101.16,105.3 3 1
github.com/adedaryorh/bookstore-app/pkg/controllers/controllers.go:107.2,112.4 3 0
github.com/adedaryorh/bookstore-app/main.go:11.13,14.56 3 0
github.com/adedaryorh/bookstore-app/main.go:14.56,16.3 1 0
github.com/adedaryorh/bookstore-app/main.go:17.2,17.54 1 0
github.com/adedaryorh/bookstore-app/pkg/routes/routes.go:10.43,17.85 7 0
github.com/adedaryorh/bookstore-app/pkg/routes/routes.go:17.85,20.3 2 0
github.com/adedaryorh/bookstore-app/pkg/config/config.go:14.16,29.16 10 0
github.com/adedaryorh/bookstore-app/pkg/config/config.go:29.16,30.63 1 0
github.com/adedaryorh/bookstore-app/pkg/config/config.go:33.2,33.49 1 0
github.com/adedaryorh/bookstore-app/pkg/config/config.go:36.23,38.2 1 0
github.com/adedaryorh/bookstore-app/pkg/config/config.go:40.46,41.42 1 0
github.com/adedaryorh/bookstore-app/pkg/config/config.go:41.42,43.3 1 0
github.com/adedaryorh/bookstore-app/pkg/config/config.go:44.2,44.21 1 0
github.com/adedaryorh/bookstore-app/pkg/models/book.go:24.13,28.2 3 0
github.com/adedaryorh/bookstore-app/pkg/models/book.go:30.35,33.2 2 0
github.com/adedaryorh/bookstore-app/pkg/models/book.go:35.27,39.2 3 0
github.com/adedaryorh/bookstore-app/pkg/models/book.go:41.42,43.50 2 0
github.com/adedaryorh/bookstore-app/pkg/models/book.go:43.50,45.3 1 0
github.com/adedaryorh/bookstore-app/pkg/models/book.go:46.2,46.19 1 0
github.com/adedaryorh/bookstore-app/pkg/models/book.go:49.35,50.41 1 0
github.com/adedaryorh/bookstore-app/pkg/models/book.go:50.41,52.3 1 0
github.com/adedaryorh/bookstore-app/pkg/models/book.go:53.2,53.12 1 0
github.com/adedaryorh/bookstore-app/pkg/models/book.go:56.32,61.2 4 0
